# JRE version: OpenJDK Runtime Environment (21.0.6) (build 21.0.6+-13391695-b895.109)
# Java VM: OpenJDK 64-Bit Server VM (21.0.6+-13391695-b895.109, mixed mode, tiered, compressed oops, compressed class ptrs, g1 gc, windows-amd64)
GC Precious Log:
 CardTable entry size: 512
 Card Set container configuration: InlinePtr #cards 5 size 8 Array Of Cards #cards 12 size 40 Howl #buckets 4 coarsen threshold 1843 Howl Bitmap #cards 512 size 80 coarsen threshold 460 Card regions per heap region 1 cards per card region 2048
 CPUs: 4 total, 4 available
 Memory: 3790M
 Large Page Support: Disabled
 NUMA Support: Disabled
 Compressed Oops: Enabled (32-bit)
 Heap Region Size: 1M
 Heap Min Capacity: 8M
 Heap Initial Capacity: 60M
 Heap Max Capacity: 2G
 Pre-touch: Disabled
 Parallel Workers: 4
 Concurrent Workers: 1
 Concurrent Refinement Workers: 4
 Periodic GC: Disabled
Heap:
 garbage-first heap   total 348160K, used 321811K [0x0000000080000000, 0x0000000100000000)
  region size 1024K, 109 young (111616K), 10 survivors (10240K)
 Metaspace       used 175221K, committed 177920K, reserved 1245184K
  class space    used 23041K, committed 24384K, reserved 1048576K
GC Heap History (20 events):
Event: 59.340 GC heap before
{Heap before GC invocations=51 (full 0):
 garbage-first heap   total 293888K, used 270062K [0x0000000080000000, 0x0000000100000000)
  region size 1024K, 99 young (101376K), 8 survivors (8192K)
 Metaspace       used 128766K, committed 131136K, reserved 1179648K
  class space    used 17178K, committed 18368K, reserved 1048576K
}
Event: 59.354 GC heap after
{Heap after GC invocations=52 (full 0):
 garbage-first heap   total 293888K, used 178733K [0x0000000080000000, 0x0000000100000000)
  region size 1024K, 8 young (8192K), 8 survivors (8192K)
 Metaspace       used 128766K, committed 131136K, reserved 1179648K
  class space    used 17178K, committed 18368K, reserved 1048576K
}
Event: 61.598 GC heap before
{Heap before GC invocations=53 (full 0):
 garbage-first heap   total 299008K, used 269869K [0x0000000080000000, 0x0000000100000000)
  region size 1024K, 96 young (98304K), 8 survivors (8192K)
 Metaspace       used 131193K, committed 133568K, reserved 1179648K
  class space    used 17379K, committed 18560K, reserved 1048576K
}
Event: 61.620 GC heap after
{Heap after GC invocations=54 (full 0):
 garbage-first heap   total 299008K, used 181605K [0x0000000080000000, 0x0000000100000000)
  region size 1024K, 10 young (10240K), 10 survivors (10240K)
 Metaspace       used 131193K, committed 133568K, reserved 1179648K
  class space    used 17379K, committed 18560K, reserved 1048576K
}
Event: 64.600 GC heap before
{Heap before GC invocations=54 (full 0):
 garbage-first heap   total 299008K, used 270693K [0x0000000080000000, 0x0000000100000000)
  region size 1024K, 98 young (100352K), 10 survivors (10240K)
 Metaspace       used 139402K, committed 141824K, reserved 1179648K
  class space    used 18549K, committed 19776K, reserved 1048576K
}
Event: 64.635 GC heap after
{Heap after GC invocations=55 (full 0):
 garbage-first heap   total 299008K, used 184534K [0x0000000080000000, 0x0000000100000000)
  region size 1024K, 10 young (10240K), 10 survivors (10240K)
 Metaspace       used 139402K, committed 141824K, reserved 1179648K
  class space    used 18549K, committed 19776K, reserved 1048576K
}
Event: 73.637 GC heap before
{Heap before GC invocations=55 (full 0):
 garbage-first heap   total 299008K, used 271574K [0x0000000080000000, 0x0000000100000000)
  region size 1024K, 95 young (97280K), 10 survivors (10240K)
 Metaspace       used 144116K, committed 146560K, reserved 1179648K
  class space    used 19065K, committed 20288K, reserved 1048576K
}
Event: 73.876 GC heap after
{Heap after GC invocations=56 (full 0):
 garbage-first heap   total 299008K, used 191676K [0x0000000080000000, 0x0000000100000000)
  region size 1024K, 12 young (12288K), 12 survivors (12288K)
 Metaspace       used 144116K, committed 146560K, reserved 1179648K
  class space    used 19065K, committed 20288K, reserved 1048576K
}
Event: 81.655 GC heap before
{Heap before GC invocations=57 (full 0):
 garbage-first heap   total 321536K, used 267452K [0x0000000080000000, 0x0000000100000000)
  region size 1024K, 87 young (89088K), 12 survivors (12288K)
 Metaspace       used 144904K, committed 147328K, reserved 1179648K
  class space    used 19158K, committed 20352K, reserved 1048576K
}
Event: 81.862 GC heap after
{Heap after GC invocations=58 (full 0):
 garbage-first heap   total 321536K, used 197632K [0x0000000080000000, 0x0000000100000000)
  region size 1024K, 7 young (7168K), 7 survivors (7168K)
 Metaspace       used 144904K, committed 147328K, reserved 1179648K
  class space    used 19158K, committed 20352K, reserved 1048576K
}
Event: 88.675 GC heap before
{Heap before GC invocations=58 (full 0):
 garbage-first heap   total 321536K, used 295936K [0x0000000080000000, 0x0000000100000000)
  region size 1024K, 104 young (106496K), 7 survivors (7168K)
 Metaspace       used 151439K, committed 153984K, reserved 1245184K
  class space    used 19902K, committed 21184K, reserved 1048576K
}
Event: 88.712 GC heap after
{Heap after GC invocations=59 (full 0):
 garbage-first heap   total 321536K, used 204665K [0x0000000080000000, 0x0000000100000000)
  region size 1024K, 13 young (13312K), 13 survivors (13312K)
 Metaspace       used 151439K, committed 153984K, reserved 1245184K
  class space    used 19902K, committed 21184K, reserved 1048576K
}
Event: 1130.436 GC heap before
{Heap before GC invocations=59 (full 0):
 garbage-first heap   total 321536K, used 286585K [0x0000000080000000, 0x0000000100000000)
  region size 1024K, 94 young (96256K), 13 survivors (13312K)
 Metaspace       used 157939K, committed 160512K, reserved 1245184K
  class space    used 20550K, committed 21824K, reserved 1048576K
}
Event: 1130.693 GC heap after
{Heap after GC invocations=60 (full 0):
 garbage-first heap   total 321536K, used 208337K [0x0000000080000000, 0x0000000100000000)
  region size 1024K, 3 young (3072K), 3 survivors (3072K)
 Metaspace       used 157939K, committed 160512K, reserved 1245184K
  class space    used 20550K, committed 21824K, reserved 1048576K
}
Event: 1133.444 GC heap before
{Heap before GC invocations=61 (full 0):
 garbage-first heap   total 348160K, used 299473K [0x0000000080000000, 0x0000000100000000)
  region size 1024K, 92 young (94208K), 3 survivors (3072K)
 Metaspace       used 158109K, committed 160640K, reserved 1245184K
  class space    used 20557K, committed 21824K, reserved 1048576K
}
Event: 1133.471 GC heap after
{Heap after GC invocations=62 (full 0):
 garbage-first heap   total 348160K, used 208186K [0x0000000080000000, 0x0000000100000000)
  region size 1024K, 3 young (3072K), 3 survivors (3072K)
 Metaspace       used 158109K, committed 160640K, reserved 1245184K
  class space    used 20557K, committed 21824K, reserved 1048576K
}
Event: 1140.586 GC heap before
{Heap before GC invocations=62 (full 0):
 garbage-first heap   total 348160K, used 324922K [0x0000000080000000, 0x0000000100000000)
  region size 1024K, 117 young (119808K), 3 survivors (3072K)
 Metaspace       used 163166K, committed 165760K, reserved 1245184K
  class space    used 21600K, committed 22912K, reserved 1048576K
}
Event: 1141.000 GC heap after
{Heap after GC invocations=63 (full 0):
 garbage-first heap   total 348160K, used 210664K [0x0000000080000000, 0x0000000100000000)
  region size 1024K, 8 young (8192K), 8 survivors (8192K)
 Metaspace       used 163166K, committed 165760K, reserved 1245184K
  class space    used 21600K, committed 22912K, reserved 1048576K
}
Event: 1149.380 GC heap before
{Heap before GC invocations=63 (full 0):
 garbage-first heap   total 348160K, used 289512K [0x0000000080000000, 0x0000000100000000)
  region size 1024K, 86 young (88064K), 8 survivors (8192K)
 Metaspace       used 174563K, committed 177216K, reserved 1245184K
  class space    used 23010K, committed 24320K, reserved 1048576K
}
Event: 1149.537 GC heap after
{Heap after GC invocations=64 (full 0):
 garbage-first heap   total 348160K, used 213267K [0x0000000080000000, 0x0000000100000000)
  region size 1024K, 10 young (10240K), 10 survivors (10240K)
 Metaspace       used 174563K, committed 177216K, reserved 1245184K
  class space    used 23010K, committed 24320K, reserved 1048576K
}

