# JRE version: OpenJDK Runtime Environment (21.0.6) (build 21.0.6+-13391695-b895.109)
# Java VM: OpenJDK 64-Bit Server VM (21.0.6+-13391695-b895.109, mixed mode, tiered, compressed oops, compressed class ptrs, g1 gc, windows-amd64)
GC Precious Log:
 CardTable entry size: 512
 Card Set container configuration: InlinePtr #cards 5 size 8 Array Of Cards #cards 12 size 40 Howl #buckets 4 coarsen threshold 1843 Howl Bitmap #cards 512 size 80 coarsen threshold 460 Card regions per heap region 1 cards per card region 2048
 CPUs: 4 total, 4 available
 Memory: 3790M
 Large Page Support: Disabled
 NUMA Support: Disabled
 Compressed Oops: Enabled (32-bit)
 Heap Region Size: 1M
 Heap Min Capacity: 8M
 Heap Initial Capacity: 60M
 Heap Max Capacity: 2G
 Pre-touch: Disabled
 Parallel Workers: 4
 Concurrent Workers: 1
 Concurrent Refinement Workers: 4
 Periodic GC: Disabled
Heap:
 garbage-first heap   total 336896K, used 211407K [0x0000000080000000, 0x0000000100000000)
  region size 1024K, 12 young (12288K), 12 survivors (12288K)
 Metaspace       used 157989K, committed 160576K, reserved 1245184K
  class space    used 20228K, committed 21504K, reserved 1048576K
GC Heap History (20 events):
Event: 24.241 GC heap after
{Heap after GC invocations=38 (full 0):
 garbage-first heap   total 259072K, used 166219K [0x0000000080000000, 0x0000000100000000)
  region size 1024K, 11 young (11264K), 11 survivors (11264K)
 Metaspace       used 96882K, committed 98816K, reserved 1179648K
  class space    used 13217K, committed 14144K, reserved 1048576K
}
Event: 25.460 GC heap before
{Heap before GC invocations=38 (full 0):
 garbage-first heap   total 259072K, used 229707K [0x0000000080000000, 0x0000000100000000)
  region size 1024K, 73 young (74752K), 11 survivors (11264K)
 Metaspace       used 104841K, committed 107136K, reserved 1179648K
  class space    used 14074K, committed 15232K, reserved 1048576K
}
Event: 25.484 GC heap after
{Heap after GC invocations=39 (full 0):
 garbage-first heap   total 259072K, used 169984K [0x0000000080000000, 0x0000000100000000)
  region size 1024K, 4 young (4096K), 4 survivors (4096K)
 Metaspace       used 104841K, committed 107136K, reserved 1179648K
  class space    used 14074K, committed 15232K, reserved 1048576K
}
Event: 26.936 GC heap before
{Heap before GC invocations=40 (full 0):
 garbage-first heap   total 281600K, used 233472K [0x0000000080000000, 0x0000000100000000)
  region size 1024K, 67 young (68608K), 4 survivors (4096K)
 Metaspace       used 113216K, committed 115520K, reserved 1179648K
  class space    used 15125K, committed 16320K, reserved 1048576K
}
Event: 26.946 GC heap after
{Heap after GC invocations=41 (full 0):
 garbage-first heap   total 281600K, used 172032K [0x0000000080000000, 0x0000000100000000)
  region size 1024K, 7 young (7168K), 7 survivors (7168K)
 Metaspace       used 113216K, committed 115520K, reserved 1179648K
  class space    used 15125K, committed 16320K, reserved 1048576K
}
Event: 28.134 GC heap before
{Heap before GC invocations=41 (full 0):
 garbage-first heap   total 281600K, used 256000K [0x0000000080000000, 0x0000000100000000)
  region size 1024K, 88 young (90112K), 7 survivors (7168K)
 Metaspace       used 118640K, committed 120960K, reserved 1179648K
  class space    used 15719K, committed 16896K, reserved 1048576K
}
Event: 28.149 GC heap after
{Heap after GC invocations=42 (full 0):
 garbage-first heap   total 281600K, used 174605K [0x0000000080000000, 0x0000000100000000)
  region size 1024K, 8 young (8192K), 8 survivors (8192K)
 Metaspace       used 118640K, committed 120960K, reserved 1179648K
  class space    used 15719K, committed 16896K, reserved 1048576K
}
Event: 31.660 GC heap before
{Heap before GC invocations=42 (full 0):
 garbage-first heap   total 281600K, used 257549K [0x0000000080000000, 0x0000000100000000)
  region size 1024K, 89 young (91136K), 8 survivors (8192K)
 Metaspace       used 130186K, committed 132608K, reserved 1179648K
  class space    used 16881K, committed 18112K, reserved 1048576K
}
Event: 31.825 GC heap after
{Heap after GC invocations=43 (full 0):
 garbage-first heap   total 281600K, used 179757K [0x0000000080000000, 0x0000000100000000)
  region size 1024K, 10 young (10240K), 10 survivors (10240K)
 Metaspace       used 130186K, committed 132608K, reserved 1179648K
  class space    used 16881K, committed 18112K, reserved 1048576K
}
Event: 33.943 GC heap before
{Heap before GC invocations=44 (full 0):
 garbage-first heap   total 302080K, used 258605K [0x0000000080000000, 0x0000000100000000)
  region size 1024K, 82 young (83968K), 10 survivors (10240K)
 Metaspace       used 137407K, committed 139840K, reserved 1179648K
  class space    used 17652K, committed 18880K, reserved 1048576K
}
Event: 33.958 GC heap after
{Heap after GC invocations=45 (full 0):
 garbage-first heap   total 302080K, used 191488K [0x0000000080000000, 0x0000000100000000)
  region size 1024K, 11 young (11264K), 11 survivors (11264K)
 Metaspace       used 137407K, committed 139840K, reserved 1179648K
  class space    used 17652K, committed 18880K, reserved 1048576K
}
Event: 35.080 GC heap before
{Heap before GC invocations=45 (full 0):
 garbage-first heap   total 302080K, used 275456K [0x0000000080000000, 0x0000000100000000)
  region size 1024K, 92 young (94208K), 11 survivors (11264K)
 Metaspace       used 146291K, committed 148864K, reserved 1179648K
  class space    used 18690K, committed 19968K, reserved 1048576K
}
Event: 35.092 GC heap after
{Heap after GC invocations=46 (full 0):
 garbage-first heap   total 302080K, used 196818K [0x0000000080000000, 0x0000000100000000)
  region size 1024K, 6 young (6144K), 6 survivors (6144K)
 Metaspace       used 146291K, committed 148864K, reserved 1179648K
  class space    used 18690K, committed 19968K, reserved 1048576K
}
Event: 35.094 GC heap before
{Heap before GC invocations=46 (full 0):
 garbage-first heap   total 302080K, used 196818K [0x0000000080000000, 0x0000000100000000)
  region size 1024K, 7 young (7168K), 6 survivors (6144K)
 Metaspace       used 146291K, committed 148864K, reserved 1179648K
  class space    used 18690K, committed 19968K, reserved 1048576K
}
Event: 35.099 GC heap after
{Heap after GC invocations=47 (full 0):
 garbage-first heap   total 302080K, used 196818K [0x0000000080000000, 0x0000000100000000)
  region size 1024K, 6 young (6144K), 6 survivors (6144K)
 Metaspace       used 146291K, committed 148864K, reserved 1179648K
  class space    used 18690K, committed 19968K, reserved 1048576K
}
Event: 36.010 GC heap before
{Heap before GC invocations=48 (full 0):
 garbage-first heap   total 336896K, used 275666K [0x0000000080000000, 0x0000000100000000)
  region size 1024K, 79 young (80896K), 6 survivors (6144K)
 Metaspace       used 151222K, committed 153792K, reserved 1245184K
  class space    used 19350K, committed 20672K, reserved 1048576K
}
Event: 36.020 GC heap after
{Heap after GC invocations=49 (full 0):
 garbage-first heap   total 336896K, used 199930K [0x0000000080000000, 0x0000000100000000)
  region size 1024K, 4 young (4096K), 4 survivors (4096K)
 Metaspace       used 151222K, committed 153792K, reserved 1245184K
  class space    used 19350K, committed 20672K, reserved 1048576K
}
Event: 37.469 GC heap before
{Heap before GC invocations=49 (full 0):
 garbage-first heap   total 336896K, used 305402K [0x0000000080000000, 0x0000000100000000)
  region size 1024K, 104 young (106496K), 4 survivors (4096K)
 Metaspace       used 157615K, committed 160192K, reserved 1245184K
  class space    used 20209K, committed 21504K, reserved 1048576K
}
Event: 37.480 GC heap after
{Heap after GC invocations=50 (full 0):
 garbage-first heap   total 336896K, used 206451K [0x0000000080000000, 0x0000000100000000)
  region size 1024K, 11 young (11264K), 11 survivors (11264K)
 Metaspace       used 157615K, committed 160192K, reserved 1245184K
  class space    used 20209K, committed 21504K, reserved 1048576K
}
Event: 37.813 GC heap before
{Heap before GC invocations=50 (full 0):
 garbage-first heap   total 336896K, used 244339K [0x0000000080000000, 0x0000000100000000)
  region size 1024K, 49 young (50176K), 11 survivors (11264K)
 Metaspace       used 157989K, committed 160576K, reserved 1245184K
  class space    used 20228K, committed 21504K, reserved 1048576K
}

