# JRE version: OpenJDK Runtime Environment (21.0.6) (build 21.0.6+-13391695-b895.109)
# Java VM: OpenJDK 64-Bit Server VM (21.0.6+-13391695-b895.109, mixed mode, tiered, compressed oops, compressed class ptrs, g1 gc, windows-amd64)
GC Precious Log:
 CardTable entry size: 512
 Card Set container configuration: InlinePtr #cards 5 size 8 Array Of Cards #cards 12 size 40 Howl #buckets 4 coarsen threshold 1843 Howl Bitmap #cards 512 size 80 coarsen threshold 460 Card regions per heap region 1 cards per card region 2048
 CPUs: 4 total, 4 available
 Memory: 3790M
 Large Page Support: Disabled
 NUMA Support: Disabled
 Compressed Oops: Enabled (32-bit)
 Heap Region Size: 1M
 Heap Min Capacity: 8M
 Heap Initial Capacity: 60M
 Heap Max Capacity: 2G
 Pre-touch: Disabled
 Parallel Workers: 4
 Concurrent Workers: 1
 Concurrent Refinement Workers: 4
 Periodic GC: Disabled
Heap:
 garbage-first heap   total 342016K, used 243512K [0x0000000080000000, 0x0000000100000000)
  region size 1024K, 30 young (30720K), 10 survivors (10240K)
 Metaspace       used 164862K, committed 167488K, reserved 1245184K
  class space    used 20832K, committed 22144K, reserved 1048576K
GC Heap History (20 events):
Event: 28.189 GC heap before
{Heap before GC invocations=42 (full 0):
 garbage-first heap   total 261120K, used 207130K [0x0000000080000000, 0x0000000100000000)
  region size 1024K, 42 young (43008K), 4 survivors (4096K)
 Metaspace       used 113208K, committed 115456K, reserved 1179648K
  class space    used 15129K, committed 16256K, reserved 1048576K
}
Event: 28.195 GC heap after
{Heap after GC invocations=43 (full 0):
 garbage-first heap   total 261120K, used 172280K [0x0000000080000000, 0x0000000100000000)
  region size 1024K, 7 young (7168K), 7 survivors (7168K)
 Metaspace       used 113208K, committed 115456K, reserved 1179648K
  class space    used 15129K, committed 16256K, reserved 1048576K
}
Event: 28.843 GC heap before
{Heap before GC invocations=44 (full 0):
 garbage-first heap   total 290816K, used 238840K [0x0000000080000000, 0x0000000100000000)
  region size 1024K, 71 young (72704K), 7 survivors (7168K)
 Metaspace       used 116434K, committed 118784K, reserved 1179648K
  class space    used 15503K, committed 16704K, reserved 1048576K
}
Event: 28.855 GC heap after
{Heap after GC invocations=45 (full 0):
 garbage-first heap   total 290816K, used 175023K [0x0000000080000000, 0x0000000100000000)
  region size 1024K, 6 young (6144K), 6 survivors (6144K)
 Metaspace       used 116434K, committed 118784K, reserved 1179648K
  class space    used 15503K, committed 16704K, reserved 1048576K
}
Event: 29.911 GC heap before
{Heap before GC invocations=45 (full 0):
 garbage-first heap   total 290816K, used 260015K [0x0000000080000000, 0x0000000100000000)
  region size 1024K, 90 young (92160K), 6 survivors (6144K)
 Metaspace       used 127865K, committed 130240K, reserved 1179648K
  class space    used 16676K, committed 17856K, reserved 1048576K
}
Event: 29.922 GC heap after
{Heap after GC invocations=46 (full 0):
 garbage-first heap   total 290816K, used 178575K [0x0000000080000000, 0x0000000100000000)
  region size 1024K, 11 young (11264K), 11 survivors (11264K)
 Metaspace       used 127865K, committed 130240K, reserved 1179648K
  class space    used 16676K, committed 17856K, reserved 1048576K
}
Event: 30.778 GC heap before
{Heap before GC invocations=46 (full 0):
 garbage-first heap   total 290816K, used 225679K [0x0000000080000000, 0x0000000100000000)
  region size 1024K, 58 young (59392K), 11 survivors (11264K)
 Metaspace       used 134974K, committed 137344K, reserved 1179648K
  class space    used 17359K, committed 18560K, reserved 1048576K
}
Event: 30.789 GC heap after
{Heap after GC invocations=47 (full 0):
 garbage-first heap   total 290816K, used 180117K [0x0000000080000000, 0x0000000100000000)
  region size 1024K, 7 young (7168K), 7 survivors (7168K)
 Metaspace       used 134974K, committed 137344K, reserved 1179648K
  class space    used 17359K, committed 18560K, reserved 1048576K
}
Event: 32.373 GC heap before
{Heap before GC invocations=48 (full 0):
 garbage-first heap   total 309248K, used 272277K [0x0000000080000000, 0x0000000100000000)
  region size 1024K, 92 young (94208K), 7 survivors (7168K)
 Metaspace       used 142564K, committed 145024K, reserved 1179648K
  class space    used 18152K, committed 19392K, reserved 1048576K
}
Event: 32.495 GC heap after
{Heap after GC invocations=49 (full 0):
 garbage-first heap   total 309248K, used 192400K [0x0000000080000000, 0x0000000100000000)
  region size 1024K, 9 young (9216K), 9 survivors (9216K)
 Metaspace       used 142564K, committed 145024K, reserved 1179648K
  class space    used 18152K, committed 19392K, reserved 1048576K
}
Event: 35.125 GC heap before
{Heap before GC invocations=49 (full 0):
 garbage-first heap   total 309248K, used 288656K [0x0000000080000000, 0x0000000100000000)
  region size 1024K, 98 young (100352K), 9 survivors (9216K)
 Metaspace       used 149832K, committed 152448K, reserved 1245184K
  class space    used 19163K, committed 20480K, reserved 1048576K
}
Event: 35.175 GC heap after
{Heap after GC invocations=50 (full 0):
 garbage-first heap   total 309248K, used 198093K [0x0000000080000000, 0x0000000100000000)
  region size 1024K, 13 young (13312K), 13 survivors (13312K)
 Metaspace       used 149832K, committed 152448K, reserved 1245184K
  class space    used 19163K, committed 20480K, reserved 1048576K
}
Event: 36.468 GC heap before
{Heap before GC invocations=50 (full 0):
 garbage-first heap   total 309248K, used 228813K [0x0000000080000000, 0x0000000100000000)
  region size 1024K, 44 young (45056K), 13 survivors (13312K)
 Metaspace       used 153212K, committed 155776K, reserved 1245184K
  class space    used 19585K, committed 20864K, reserved 1048576K
}
Event: 36.497 GC heap after
{Heap after GC invocations=51 (full 0):
 garbage-first heap   total 309248K, used 201190K [0x0000000080000000, 0x0000000100000000)
  region size 1024K, 3 young (3072K), 3 survivors (3072K)
 Metaspace       used 153212K, committed 155776K, reserved 1245184K
  class space    used 19585K, committed 20864K, reserved 1048576K
}
Event: 41.329 GC heap before
{Heap before GC invocations=52 (full 0):
 garbage-first heap   total 342016K, used 290278K [0x0000000080000000, 0x0000000100000000)
  region size 1024K, 87 young (89088K), 3 survivors (3072K)
 Metaspace       used 157590K, committed 160192K, reserved 1245184K
  class space    used 20218K, committed 21504K, reserved 1048576K
}
Event: 41.349 GC heap after
{Heap after GC invocations=53 (full 0):
 garbage-first heap   total 342016K, used 209920K [0x0000000080000000, 0x0000000100000000)
  region size 1024K, 8 young (8192K), 8 survivors (8192K)
 Metaspace       used 157590K, committed 160192K, reserved 1245184K
  class space    used 20218K, committed 21504K, reserved 1048576K
}
Event: 43.479 GC heap before
{Heap before GC invocations=53 (full 0):
 garbage-first heap   total 342016K, used 314368K [0x0000000080000000, 0x0000000100000000)
  region size 1024K, 109 young (111616K), 8 survivors (8192K)
 Metaspace       used 158143K, committed 160768K, reserved 1245184K
  class space    used 20242K, committed 21568K, reserved 1048576K
}
Event: 43.529 GC heap after
{Heap after GC invocations=54 (full 0):
 garbage-first heap   total 342016K, used 218987K [0x0000000080000000, 0x0000000100000000)
  region size 1024K, 14 young (14336K), 14 survivors (14336K)
 Metaspace       used 158143K, committed 160768K, reserved 1245184K
  class space    used 20242K, committed 21568K, reserved 1048576K
}
Event: 46.460 GC heap before
{Heap before GC invocations=54 (full 0):
 garbage-first heap   total 342016K, used 309099K [0x0000000080000000, 0x0000000100000000)
  region size 1024K, 102 young (104448K), 14 survivors (14336K)
 Metaspace       used 163328K, committed 165952K, reserved 1245184K
  class space    used 20619K, committed 21888K, reserved 1048576K
}
Event: 46.487 GC heap after
{Heap after GC invocations=55 (full 0):
 garbage-first heap   total 342016K, used 224056K [0x0000000080000000, 0x0000000100000000)
  region size 1024K, 10 young (10240K), 10 survivors (10240K)
 Metaspace       used 163328K, committed 165952K, reserved 1245184K
  class space    used 20619K, committed 21888K, reserved 1048576K
}

